TN:
SF:script/Deploy.s.sol
FN:48,DeployBaseGoerli.run
FNDA:0,DeployBaseGoerli.run
DA:49,0
DA:50,0
DA:52,0
DA:54,0
FN:77,DeployOptimismGoerli.run
FNDA:0,DeployOptimismGoerli.run
DA:78,0
DA:79,0
DA:81,0
DA:83,0
FN:62,DeployOptimism.run
FNDA:0,DeployOptimism.run
DA:63,0
DA:64,0
DA:66,0
DA:68,0
FN:18,Setup.deploySystem
FNDA:0,Setup.deploySystem
DA:19,0
DA:20,0
DA:21,0
DA:22,0
DA:23,0
FN:34,DeployBase.run
FNDA:0,DeployBase.run
DA:35,0
DA:36,0
DA:38,0
DA:40,0
FNF:5
FNH:0
LF:21
LH:0
BRF:0
BRH:0
end_of_record
TN:
SF:src/SMv2SessionValidationModule.sol
FN:28,SMv2SessionValidationModule.validateSessionParams
FNDA:770,SMv2SessionValidationModule.validateSessionParams
DA:35,770
DA:36,770
DA:39,770
BRDA:39,0,0,512
BRDA:39,0,1,258
DA:40,512
DA:44,258
BRDA:44,1,0,1
BRDA:44,1,1,257
DA:45,1
DA:48,257
FN:61,SMv2SessionValidationModule.validateSessionUserOp
FNDA:1793,SMv2SessionValidationModule.validateSessionUserOp
DA:72,1793
DA:73,256
BRDA:71,2,0,256
BRDA:71,2,1,1537
DA:75,256
DA:78,1537
DA:79,1537
DA:81,1537
DA:87,1537
BRDA:87,3,0,512
BRDA:87,3,1,1025
DA:88,512
DA:93,1025
DA:95,1025
DA:96,1025
DA:97,1025
DA:99,1025
DA:103,1025
BRDA:103,4,0,256
BRDA:103,4,1,769
DA:104,256
DA:109,769
FNF:2
FNH:2
LF:23
LH:23
BRF:10
BRH:10
end_of_record
TN:
SF:src/SMv3SessionValidationModule.sol
FN:31,SMv3SessionValidationModule.validateSessionParams
FNDA:2311,SMv3SessionValidationModule.validateSessionParams
DA:38,2311
DA:39,2311
DA:42,2311
BRDA:42,0,0,512
BRDA:42,0,1,1799
DA:43,512
DA:47,1799
DA:51,1799
DA:55,1798
DA:57,262
FN:70,SMv3SessionValidationModule.validateSessionUserOp
FNDA:3334,SMv3SessionValidationModule.validateSessionUserOp
DA:81,3334
DA:82,256
BRDA:80,1,0,256
BRDA:80,1,1,3078
DA:84,256
DA:87,3078
DA:88,3078
DA:90,3078
DA:96,3078
BRDA:96,2,0,512
BRDA:96,2,1,2566
DA:97,512
DA:102,2566
DA:104,2566
DA:105,2566
DA:106,2566
DA:107,2566
DA:111,2566
DA:115,2566
DA:119,2310
DA:123,774
FN:132,SMv3SessionValidationModule._sanitizeSelector
FNDA:4365,SMv3SessionValidationModule._sanitizeSelector
DA:134,4365
DA:135,2827
DA:136,2313
DA:137,1799
DA:138,1285
DA:139,771
BRDA:133,3,0,257
BRDA:133,3,1,4108
DA:141,257
FN:149,SMv3SessionValidationModule._sanitizeCallValue
FNDA:4108,SMv3SessionValidationModule._sanitizeCallValue
DA:154,4108
DA:155,3594
BRDA:153,4,0,1024
BRDA:153,4,1,4
DA:157,1028
BRDA:157,5,0,1024
BRDA:157,5,1,4
DA:158,1024
DA:160,3080
BRDA:160,6,0,2048
BRDA:160,6,1,1032
DA:161,2048
FNF:4
FNH:4
LF:38
LH:38
BRF:14
BRH:14
end_of_record
TN:
SF:src/biconomy/interfaces/UserOperation.sol
FN:34,UserOperationLib.getSender
FNDA:0,UserOperationLib.getSender
DA:39,0
DA:42,0
DA:44,0
FN:49,UserOperationLib.gasPrice
FNDA:0,UserOperationLib.gasPrice
DA:55,0
DA:56,0
DA:57,0
BRDA:57,0,0,-
BRDA:57,0,1,-
DA:59,0
DA:61,0
FN:65,UserOperationLib.pack
FNDA:0,UserOperationLib.pack
DA:71,0
DA:78,0
FN:85,UserOperationLib.hash
FNDA:0,UserOperationLib.hash
DA:90,0
FN:93,UserOperationLib.min
FNDA:0,UserOperationLib.min
DA:94,0
FNF:5
FNH:0
LF:12
LH:0
BRF:2
BRH:0
end_of_record
TN:
SF:src/kwenta/smv3/EIP7412.sol
FN:14,EIP7412.fulfillOracleQuery
FNDA:0,EIP7412.fulfillOracleQuery
DA:18,0
FNF:1
FNH:0
LF:1
LH:0
BRF:0
BRH:0
end_of_record
TN:
SF:src/openzeppelin/ECDSA.sol
FN:56,ECDSA.tryRecover
FNDA:1543,ECDSA.tryRecover
DA:61,1543
BRDA:61,0,0,1543
BRDA:61,0,1,-
DA:62,1543
DA:63,1543
DA:64,1543
DA:69,1543
DA:70,1543
DA:71,1543
DA:73,1543
DA:75,0
FN:97,ECDSA.recover
FNDA:1543,ECDSA.recover
DA:102,1543
DA:103,1543
DA:104,1543
DA:105,1543
FN:113,ECDSA.tryRecover
FNDA:0,ECDSA.tryRecover
DA:119,0
DA:120,0
DA:124,0
DA:125,0
FN:132,ECDSA.recover
FNDA:0,ECDSA.recover
DA:137,0
DA:138,0
DA:139,0
DA:140,0
FN:147,ECDSA.tryRecover
FNDA:1543,ECDSA.tryRecover
DA:162,1543
BRDA:161,1,0,-
BRDA:161,1,1,1543
DA:165,0
DA:169,1543
DA:170,1543
BRDA:170,2,0,-
BRDA:170,2,1,1543
DA:171,0
DA:174,1543
FN:181,ECDSA.recover
FNDA:0,ECDSA.recover
DA:186,0
DA:187,0
DA:188,0
DA:189,0
FN:195,ECDSA._throwError
FNDA:1543,ECDSA._throwError
DA:196,1543
BRDA:196,3,0,-
BRDA:196,3,1,1543
DA:197,1543
DA:198,0
BRDA:198,4,0,-
BRDA:198,4,1,-
DA:199,0
DA:200,0
BRDA:200,5,0,-
BRDA:200,5,1,-
DA:201,0
DA:202,0
BRDA:202,6,0,-
BRDA:202,6,1,-
DA:203,0
FN:212,ECDSA.toEthSignedMessageHash
FNDA:1543,ECDSA.toEthSignedMessageHash
DA:219,1543
FNF:8
FNH:5
LF:40
LH:19
BRF:14
BRH:4
end_of_record
TN:
SF:test/SMv2SessionValidationModule.t.sol
FN:35,SMv2SessionValidationModuleTest.setUp
FNDA:0,SMv2SessionValidationModuleTest.setUp
DA:36,0
DA:38,0
DA:41,0
DA:42,0
DA:45,0
DA:46,0
DA:49,0
DA:50,0
DA:51,0
DA:52,0
DA:53,0
DA:56,0
DA:59,0
DA:60,0
FNF:1
FNH:0
LF:14
LH:0
BRF:0
BRH:0
end_of_record
TN:
SF:test/SMv3SessionValidationModule.t.sol
FN:42,SMv3SessionValidationModuleTest.setUp
FNDA:0,SMv3SessionValidationModuleTest.setUp
DA:43,0
DA:45,0
DA:48,0
DA:49,0
DA:52,0
DA:53,0
DA:56,0
DA:57,0
DA:59,0
DA:61,0
DA:62,0
DA:65,0
DA:68,0
DA:69,0
DA:73,0
DA:74,0
DA:75,0
DA:76,0
DA:77,0
DA:78,0
FNF:1
FNH:0
LF:20
LH:0
BRF:0
BRH:0
end_of_record
TN:
SF:test/utils/Bootstrap.sol
FN:23,Bootstrap.initializeOptimismGoerli
FNDA:0,Bootstrap.initializeOptimismGoerli
DA:24,0
DA:25,0
DA:28,0
DA:30,0
DA:32,0
FN:40,BootstrapOptimismGoerli.init
FNDA:0,BootstrapOptimismGoerli.init
DA:41,0
DA:44,0
DA:46,0
FNF:2
FNH:0
LF:8
LH:0
BRF:0
BRH:0
end_of_record
TN:
SF:test/utils/UserOperationSignature.sol
FN:18,UserOperationSignature.getUserOperationSignature
FNDA:518,UserOperationSignature.getUserOperationSignature
DA:22,518
DA:24,518
DA:26,518
FN:29,UserOperationSignature.hashUserOperation
FNDA:6,UserOperationSignature.hashUserOperation
DA:34,524
FNF:2
FNH:2
LF:4
LH:4
BRF:0
BRH:0
end_of_record
