TN:
SF:script/Deploy.s.sol
FN:18,Setup.deploySystem
FNDA:0,Setup.deploySystem
DA:19,18
DA:20,18
DA:21,18
DA:22,18
DA:23,18
FN:34,DeployBase.run
FNDA:0,DeployBase.run
DA:35,0
DA:36,0
DA:38,0
DA:40,0
FN:77,DeployOptimismSepolia.run
FNDA:0,DeployOptimismSepolia.run
DA:78,0
DA:79,0
DA:81,0
DA:83,0
FN:48,DeployBaseSepolia.run
FNDA:0,DeployBaseSepolia.run
DA:49,0
DA:50,0
DA:52,0
DA:54,0
FN:62,DeployOptimism.run
FNDA:0,DeployOptimism.run
DA:63,0
DA:64,0
DA:66,0
DA:68,0
FNF:5
FNH:0
LF:21
LH:5
BRF:0
BRH:0
end_of_record
TN:
SF:src/SMv2SessionValidationModule.sol
FN:28,SMv2SessionValidationModule.validateSessionParams
FNDA:770,SMv2SessionValidationModule.validateSessionParams
DA:35,770
DA:36,770
DA:39,770
BRDA:39,0,0,512
BRDA:39,0,1,258
DA:40,512
DA:44,258
BRDA:44,1,0,1
BRDA:44,1,1,257
DA:45,1
DA:48,257
FN:61,SMv2SessionValidationModule.validateSessionUserOp
FNDA:1793,SMv2SessionValidationModule.validateSessionUserOp
DA:72,1793
DA:73,256
BRDA:71,2,0,256
BRDA:71,2,1,1537
DA:75,256
DA:78,1537
DA:79,1537
DA:81,1537
DA:87,1537
BRDA:87,3,0,512
BRDA:87,3,1,1025
DA:88,512
DA:93,1025
DA:95,1025
DA:96,1025
DA:97,1025
DA:99,1025
DA:103,1025
BRDA:103,4,0,256
BRDA:103,4,1,769
DA:104,256
DA:109,769
FNF:2
FNH:2
LF:23
LH:23
BRF:10
BRH:10
end_of_record
TN:
SF:src/SMv3SessionValidationModule.sol
FN:29,SMv3SessionValidationModule.validateSessionParams
FNDA:770,SMv3SessionValidationModule.validateSessionParams
DA:36,770
DA:37,770
DA:40,770
BRDA:40,0,0,512
BRDA:40,0,1,258
DA:41,512
DA:45,258
DA:47,257
FN:60,SMv3SessionValidationModule.validateSessionUserOp
FNDA:1793,SMv3SessionValidationModule.validateSessionUserOp
DA:71,1793
DA:72,256
BRDA:70,1,0,256
BRDA:70,1,1,1537
DA:74,256
DA:77,1537
DA:78,1537
DA:80,1537
DA:86,1537
BRDA:86,2,0,512
BRDA:86,2,1,1025
DA:87,512
DA:92,1025
DA:94,1025
DA:95,1025
DA:96,1025
DA:97,1025
DA:102,1025
DA:106,769
FN:115,SMv3SessionValidationModule._sanitizeSelector
FNDA:1283,SMv3SessionValidationModule._sanitizeSelector
DA:116,1283
BRDA:116,3,0,257
BRDA:116,3,1,1026
DA:117,257
FNF:3
FNH:3
LF:23
LH:23
BRF:8
BRH:8
end_of_record
TN:
SF:src/biconomy/interfaces/UserOperation.sol
FN:34,UserOperationLib.getSender
FNDA:0,UserOperationLib.getSender
DA:39,0
DA:42,0
DA:44,0
FN:49,UserOperationLib.gasPrice
FNDA:0,UserOperationLib.gasPrice
DA:55,0
DA:56,0
DA:57,0
BRDA:57,0,0,-
BRDA:57,0,1,-
DA:59,0
DA:61,0
FN:65,UserOperationLib.pack
FNDA:0,UserOperationLib.pack
DA:71,0
DA:78,0
FN:85,UserOperationLib.hash
FNDA:0,UserOperationLib.hash
DA:90,0
FN:93,UserOperationLib.min
FNDA:0,UserOperationLib.min
DA:94,0
FNF:5
FNH:0
LF:12
LH:0
BRF:2
BRH:0
end_of_record
TN:
SF:src/openzeppelin/ECDSA.sol
FN:56,ECDSA.tryRecover
FNDA:1538,ECDSA.tryRecover
DA:61,1538
BRDA:61,0,0,1538
BRDA:61,0,1,-
DA:62,1538
DA:63,1538
DA:64,1538
DA:69,1538
DA:70,1538
DA:71,1538
DA:73,1538
DA:75,0
FN:97,ECDSA.recover
FNDA:1538,ECDSA.recover
DA:102,1538
DA:103,1538
DA:104,1538
DA:105,1538
FN:113,ECDSA.tryRecover
FNDA:0,ECDSA.tryRecover
DA:119,0
DA:120,0
DA:124,0
DA:125,0
FN:132,ECDSA.recover
FNDA:0,ECDSA.recover
DA:137,0
DA:138,0
DA:139,0
DA:140,0
FN:147,ECDSA.tryRecover
FNDA:1538,ECDSA.tryRecover
DA:162,1538
BRDA:161,1,0,-
BRDA:161,1,1,1538
DA:165,0
DA:169,1538
DA:170,1538
BRDA:170,2,0,-
BRDA:170,2,1,1538
DA:171,0
DA:174,1538
FN:181,ECDSA.recover
FNDA:0,ECDSA.recover
DA:186,0
DA:187,0
DA:188,0
DA:189,0
FN:195,ECDSA._throwError
FNDA:1538,ECDSA._throwError
DA:196,1538
BRDA:196,3,0,-
BRDA:196,3,1,1538
DA:197,1538
DA:198,0
BRDA:198,4,0,-
BRDA:198,4,1,-
DA:199,0
DA:200,0
BRDA:200,5,0,-
BRDA:200,5,1,-
DA:201,0
DA:202,0
BRDA:202,6,0,-
BRDA:202,6,1,-
DA:203,0
FN:212,ECDSA.toEthSignedMessageHash
FNDA:1538,ECDSA.toEthSignedMessageHash
DA:219,1538
FNF:8
FNH:5
LF:40
LH:19
BRF:14
BRH:4
end_of_record
TN:
SF:test/SMv2SessionValidationModule.t.sol
FN:35,SMv2SessionValidationModuleTest.setUp
FNDA:0,SMv2SessionValidationModuleTest.setUp
DA:36,0
DA:38,0
DA:41,0
DA:42,0
DA:45,0
DA:46,0
DA:49,0
DA:50,0
DA:51,0
DA:52,0
DA:53,0
DA:56,0
DA:59,0
DA:60,0
FNF:1
FNH:0
LF:14
LH:0
BRF:0
BRH:0
end_of_record
TN:
SF:test/SMv3SessionValidationModule.t.sol
FN:35,SMv3SessionValidationModuleTest.setUp
FNDA:0,SMv3SessionValidationModuleTest.setUp
DA:36,0
DA:38,0
DA:41,0
DA:42,0
DA:45,0
DA:46,0
DA:49,0
DA:50,0
DA:52,0
DA:54,0
DA:56,0
DA:57,0
DA:60,0
DA:63,0
DA:64,0
FNF:1
FNH:0
LF:15
LH:0
BRF:0
BRH:0
end_of_record
TN:
SF:test/utils/Bootstrap.sol
FN:40,BootstrapOptimismSepolia.init
FNDA:18,BootstrapOptimismSepolia.init
DA:41,18
DA:44,18
DA:46,18
FN:23,Bootstrap.initializeOptimismSepolia
FNDA:0,Bootstrap.initializeOptimismSepolia
DA:24,0
DA:25,0
DA:28,0
DA:30,0
DA:32,0
FNF:2
FNH:1
LF:8
LH:3
BRF:0
BRH:0
end_of_record
TN:
SF:test/utils/UserOperationSignature.sol
FN:18,UserOperationSignature.getUserOperationSignature
FNDA:531,UserOperationSignature.getUserOperationSignature
DA:22,531
DA:24,531
DA:26,531
FN:29,UserOperationSignature.hashUserOperation
FNDA:19,UserOperationSignature.hashUserOperation
DA:34,550
FNF:2
FNH:2
LF:4
LH:4
BRF:0
BRH:0
end_of_record
